  Server.cpp
c:\users\cisra\onedrive\faks\dualstack_tcp(one socket)\server\server.cpp(317): warning C4244: 'initializing': conversion from '__int64' to 'unsigned int', possible loss of data
c:\users\cisra\onedrive\faks\dualstack_tcp(one socket)\server\server.cpp(223): warning C4996: 'strcpy': This function or variable may be unsafe. Consider using strcpy_s instead. To disable deprecation, use _CRT_SECURE_NO_WARNINGS. See online help for details.
  c:\program files (x86)\windows kits\10\include\10.0.16299.0\ucrt\string.h(132): note: see declaration of 'strcpy'
c:\users\cisra\onedrive\faks\dualstack_tcp(one socket)\server\server.cpp(286): warning C4996: 'fopen': This function or variable may be unsafe. Consider using fopen_s instead. To disable deprecation, use _CRT_SECURE_NO_WARNINGS. See online help for details.
  c:\program files (x86)\windows kits\10\include\10.0.16299.0\ucrt\stdio.h(207): note: see declaration of 'fopen'
c:\users\cisra\onedrive\faks\dualstack_tcp(one socket)\server\server.cpp(393): warning C4996: 'strcpy': This function or variable may be unsafe. Consider using strcpy_s instead. To disable deprecation, use _CRT_SECURE_NO_WARNINGS. See online help for details.
  c:\program files (x86)\windows kits\10\include\10.0.16299.0\ucrt\string.h(132): note: see declaration of 'strcpy'
c:\users\cisra\onedrive\faks\dualstack_tcp(one socket)\server\server.cpp(426): warning C4101: 'thisConnection': unreferenced local variable
c:\users\cisra\onedrive\faks\dualstack_tcp(one socket)\server\server.cpp(445): warning C4101: 'thisConnection': unreferenced local variable
c:\users\cisra\onedrive\faks\dualstack_tcp(one socket)\server\server.cpp(488): warning C4996: 'inet_ntoa': Use inet_ntop() or InetNtop() instead or define _WINSOCK_DEPRECATED_NO_WARNINGS to disable deprecated API warnings
  c:\program files (x86)\windows kits\10\include\10.0.16299.0\um\winsock2.h(1848): note: see declaration of 'inet_ntoa'
c:\users\cisra\onedrive\faks\dualstack_tcp(one socket)\server\server.cpp(513): warning C4244: '=': conversion from 'unsigned __int64' to 'int', possible loss of data
c:\users\cisra\onedrive\faks\dualstack_tcp(one socket)\server\server.cpp(533): warning C4996: 'inet_ntoa': Use inet_ntop() or InetNtop() instead or define _WINSOCK_DEPRECATED_NO_WARNINGS to disable deprecated API warnings
  c:\program files (x86)\windows kits\10\include\10.0.16299.0\um\winsock2.h(1848): note: see declaration of 'inet_ntoa'
c:\users\cisra\onedrive\faks\dualstack_tcp(one socket)\server\server.cpp(621): warning C4996: 'inet_ntoa': Use inet_ntop() or InetNtop() instead or define _WINSOCK_DEPRECATED_NO_WARNINGS to disable deprecated API warnings
  c:\program files (x86)\windows kits\10\include\10.0.16299.0\um\winsock2.h(1848): note: see declaration of 'inet_ntoa'
c:\users\cisra\onedrive\faks\dualstack_tcp(one socket)\server\server.cpp(658): warning C4996: 'inet_ntoa': Use inet_ntop() or InetNtop() instead or define _WINSOCK_DEPRECATED_NO_WARNINGS to disable deprecated API warnings
  c:\program files (x86)\windows kits\10\include\10.0.16299.0\um\winsock2.h(1848): note: see declaration of 'inet_ntoa'
c:\users\cisra\onedrive\faks\dualstack_tcp(one socket)\server\server.cpp(632): warning C4715: 'findIPv4Connection': not all control paths return a value
c:\users\cisra\onedrive\faks\dualstack_tcp(one socket)\server\server.cpp(650): warning C4715: 'findIPv6Connection': not all control paths return a value
Server.obj : warning LNK4075: ignoring '/EDITANDCONTINUE' due to '/INCREMENTAL:NO' specification
  Server.vcxproj -> C:\Users\Cisra\OneDrive\Faks\DualStack_TCP(one socket)\Debug\Server.exe
